<?xml version="1.0" encoding="UTF-8"?>
<!-- Generated by org.testng.reporters.JUnitReportReporter -->
<testsuite hostname="Sreeshajs-MacBook-Pro-2.local" failures="0" tests="1" name="tests.Login" time="7.022" errors="0" timestamp="2022-10-20T04:10:17 BST" skipped="0">
  <testcase classname="tests.Login" name="loginTest" time="7.022"/>
  <system-out/>
</testsuite> <!-- tests.Login -->
